0 info it worked if it ends with ok
1 verbose cli [ 'C:\\Program Files (x86)\\nodejs\\\\node.exe',
1 verbose cli   'C:\\Program Files (x86)\\nodejs\\node_modules\\npm\\bin\\npm-cli.js',
1 verbose cli   'install',
1 verbose cli   'bcrypt' ]
2 info using npm@1.4.3
3 info using node@v0.10.26
4 verbose node symlink C:\Program Files (x86)\nodejs\\node.exe
5 warn package.json mongojs@0.2.6 No repository field.
6 verbose cache add [ 'bcrypt', null ]
7 verbose cache add name=undefined spec="bcrypt" args=["bcrypt",null]
8 verbose parsed url { protocol: null,
8 verbose parsed url   slashes: null,
8 verbose parsed url   auth: null,
8 verbose parsed url   host: null,
8 verbose parsed url   port: null,
8 verbose parsed url   hostname: null,
8 verbose parsed url   hash: null,
8 verbose parsed url   search: null,
8 verbose parsed url   query: null,
8 verbose parsed url   pathname: 'bcrypt',
8 verbose parsed url   path: 'bcrypt',
8 verbose parsed url   href: 'bcrypt' }
9 silly lockFile 51684124-bcrypt bcrypt
10 verbose lock bcrypt C:\Users\Matthew\AppData\Roaming\npm-cache\51684124-bcrypt.lock
11 silly lockFile 51684124-bcrypt bcrypt
12 silly lockFile 51684124-bcrypt bcrypt
13 verbose addNamed [ 'bcrypt', '' ]
14 verbose addNamed [ null, '*' ]
15 silly lockFile 1351601c-bcrypt bcrypt@
16 verbose lock bcrypt@ C:\Users\Matthew\AppData\Roaming\npm-cache\1351601c-bcrypt.lock
17 silly addNameRange { name: 'bcrypt', range: '*', hasData: false }
18 verbose url raw bcrypt
19 verbose url resolving [ 'https://registry.npmjs.org/', './bcrypt' ]
20 verbose url resolved https://registry.npmjs.org/bcrypt
21 info trying registry request attempt 1 at 21:44:34
22 verbose etag "376RJ2GCNPNQNGAMBFMDGL33E"
23 http GET https://registry.npmjs.org/bcrypt
24 http 304 https://registry.npmjs.org/bcrypt
25 silly registry.get cb [ 304,
25 silly registry.get   { date: 'Tue, 29 Apr 2014 01:44:34 GMT',
25 silly registry.get     server: 'Apache',
25 silly registry.get     via: '1.1 varnish',
25 silly registry.get     'last-modified': 'Tue, 29 Apr 2014 01:44:34 GMT',
25 silly registry.get     'cache-control': 'max-age=1',
25 silly registry.get     etag: '"376RJ2GCNPNQNGAMBFMDGL33E"',
25 silly registry.get     'x-served-by': 'cache-jfk1021-JFK',
25 silly registry.get     'x-cache': 'HIT',
25 silly registry.get     'x-cache-hits': '1',
25 silly registry.get     'x-timer': 'S1398735874.800728798,VS0,VE99',
25 silly registry.get     vary: 'Accept',
25 silly registry.get     'content-length': '0',
25 silly registry.get     'keep-alive': 'timeout=10, max=50',
25 silly registry.get     connection: 'Keep-Alive' } ]
26 verbose etag bcrypt from cache
27 silly addNameRange number 2 { name: 'bcrypt', range: '*', hasData: true }
28 silly addNameRange versions [ 'bcrypt',
28 silly addNameRange   [ '0.1.2',
28 silly addNameRange     '0.2.0',
28 silly addNameRange     '0.2.1',
28 silly addNameRange     '0.1.3',
28 silly addNameRange     '0.2.2',
28 silly addNameRange     '0.2.3',
28 silly addNameRange     '0.2.4',
28 silly addNameRange     '0.3.0',
28 silly addNameRange     '0.3.1',
28 silly addNameRange     '0.3.2',
28 silly addNameRange     '0.4.0',
28 silly addNameRange     '0.4.1',
28 silly addNameRange     '0.5.0',
28 silly addNameRange     '0.6.0',
28 silly addNameRange     '0.7.0',
28 silly addNameRange     '0.7.1',
28 silly addNameRange     '0.7.2',
28 silly addNameRange     '0.7.3',
28 silly addNameRange     '0.7.4',
28 silly addNameRange     '0.7.5',
28 silly addNameRange     '0.7.6',
28 silly addNameRange     '0.7.7',
28 silly addNameRange     '0.7.8' ] ]
29 verbose addNamed [ 'bcrypt', '0.7.8' ]
30 verbose addNamed [ '0.7.8', '0.7.8' ]
31 silly lockFile 764f2767-bcrypt-0-7-8 bcrypt@0.7.8
32 verbose lock bcrypt@0.7.8 C:\Users\Matthew\AppData\Roaming\npm-cache\764f2767-bcrypt-0-7-8.lock
33 silly lockFile 764f2767-bcrypt-0-7-8 bcrypt@0.7.8
34 silly lockFile 764f2767-bcrypt-0-7-8 bcrypt@0.7.8
35 silly lockFile 1351601c-bcrypt bcrypt@
36 silly lockFile 1351601c-bcrypt bcrypt@
37 silly resolved [ { name: 'bcrypt',
37 silly resolved     description: 'A bcrypt library for NodeJS.',
37 silly resolved     keywords:
37 silly resolved      [ 'bcrypt',
37 silly resolved        'password',
37 silly resolved        'auth',
37 silly resolved        'authentication',
37 silly resolved        'encryption',
37 silly resolved        'crypt',
37 silly resolved        'crypto' ],
37 silly resolved     main: './bcrypt',
37 silly resolved     version: '0.7.8',
37 silly resolved     author: { name: 'Nick Campbell', url: 'https://github.com/ncb000gt' },
37 silly resolved     engines: { node: '>= 0.6.0' },
37 silly resolved     repository:
37 silly resolved      { type: 'git',
37 silly resolved        url: 'https://github.com/ncb000gt/node.bcrypt.js.git' },
37 silly resolved     licenses: [ [Object] ],
37 silly resolved     bugs: { url: 'https://github.com/ncb000gt/node.bcrypt.js/issues' },
37 silly resolved     scripts:
37 silly resolved      { test: 'node-gyp configure build && nodeunit test',
37 silly resolved        install: 'node-gyp rebuild' },
37 silly resolved     dependencies: { bindings: '1.0.0' },
37 silly resolved     devDependencies: { nodeunit: '>=0.6.4' },
37 silly resolved     contributors:
37 silly resolved      [ [Object],
37 silly resolved        [Object],
37 silly resolved        [Object],
37 silly resolved        [Object],
37 silly resolved        [Object],
37 silly resolved        [Object],
37 silly resolved        [Object],
37 silly resolved        [Object],
37 silly resolved        [Object],
37 silly resolved        [Object],
37 silly resolved        [Object],
37 silly resolved        [Object],
37 silly resolved        [Object],
37 silly resolved        [Object] ],
37 silly resolved     gypfile: true,
37 silly resolved     readme: '# node.bcrypt.js\n\n[![Build Status](https://secure.travis-ci.org/ncb000gt/node.bcrypt.js.png)](http://travis-ci.org/#!/ncb000gt/node.bcrypt.js) \n\nLib to help you hash passwords.\n[bcrypt on wikipedia][bcryptwiki]\n\nCatalyst for this module: [How To Safely Store A Password][codahale]\n\n## If You Are Submitting Bugs/Issues\n\nFirst, make sure that the version of node you are using is a _stable_ version. You\'ll know this because it\'ll have an even major release number. We do not currently support unstable versions and while the module may happen to work on some unstable versions you\'ll find that we quickly close issues if you\'re not using a stable version.\n\nIf you are on a stable version of node, we can\'t magically know what you are doing to expose an issue, it is best if you provide a snippet of code or log files if you\'re having an install issue. This snippet need not include your secret sauce, but it must replicate the issue you are describing. The issues that get closed without resolution tend to be the ones that don\'t help us help you. Thanks.\n\n\n## Version Compatibility\n\n| Node Version | Bcrypt Version |\n| ---- | ---- |\n| <= 0.4.x | <= 0.4.x |\n| >= 0.6.x | >= 0.5.x |\n\nWindows users should make sure to have at least node 0.8.5 installed and version >= 0.7.1 of this module.  \n`node-gyp` only works with stable/released versions of node. Since the `bcrypt` module uses `node-gyp` to build and install you\'ll need a stable version of node to use bcrypt. If you do not you\'ll likely see an error that starts with:\n\n    gyp ERR! stack Error: "pre" versions of node cannot be installed, use the --nodedir flag instead\n\n\n\n## Security Issues/Concerns\n\nAs should be the case with any security tool, this library should be scrutinized by anyone using it. If you find or suspect an issue with the code- please bring it to my attention and I\'ll spend some time trying to make sure that this tool is as secure as possible.\n\nTo make it easier for people using this tool to analyze what has been surveyed, here is a list of BCrypt related security issues/concerns as they\'ve come up.\n\n* An [issue with passwords][jtr] was found with a version of the Blowfish algorithm developed for John the Ripper. This is not present in the OpenBSD version and is thus not a problem for this module. HT [zooko][zooko].\n\n## Dependencies\n\n* NodeJS\n* `node-gyp`\n * Please check the dependencies for this tool at: https://github.com/TooTallNate/node-gyp/\n  * Windows users will need the options for c# and c++ installed with their visual studio instance.\n  * Python 2.x\n\n## Install via NPM\n```\nnpm install bcrypt\n```\n\n***Note:*** OS X users using Xcode 4.3.1 or above may need to run the following command in their terminal prior to installing if errors occur regarding xcodebuild: ```sudo xcode-select -switch /Applications/Xcode.app/Contents/Developer```\n\n## Usage\n\n### async (recommended)\n\nTo hash a password:\n\n```javascript\nvar bcrypt = require(\'bcrypt\');\nbcrypt.genSalt(10, function(err, salt) {\n    bcrypt.hash("B4c0/\\/", salt, function(err, hash) {\n        // Store hash in your password DB.\n    });\n});\n```\n\nTo check a password:\n\n```javascript\n// Load hash from your password DB.\nbcrypt.compare("B4c0/\\/", hash, function(err, res) {\n    // res == true\n});\nbcrypt.compare("not_bacon", hash, function(err, res) {\n    // res = false\n});\n```\n\nAuto-gen a salt and hash:\n\n```javascript\nbcrypt.hash(\'bacon\', 8, function(err, hash) {\n});\n```\n\n\n### sync\n\nTo hash a password:\n\n```javascript\nvar bcrypt = require(\'bcrypt\');\nvar salt = bcrypt.genSaltSync(10);\nvar hash = bcrypt.hashSync("B4c0/\\/", salt);\n// Store hash in your password DB.\n```\n\nTo check a password:\n\n```javascript\n// Load hash from your password DB.\nbcrypt.compareSync("B4c0/\\/", hash); // true\nbcrypt.compareSync("not_bacon", hash); // false\n```\n\nAuto-gen a salt and hash:\n\n```javascript\nvar hash = bcrypt.hashSync(\'bacon\', 8);\n```\n\n## API\n\n`BCrypt.`\n\n  * `genSaltSync(rounds)`\n    * `rounds` - [OPTIONAL] - the number of rounds to process the data for. (default - 10)\n  * `genSalt(rounds, cb)`\n    * `rounds` - [OPTIONAL] - the number of rounds to process the data for. (default - 10)\n    * `cb` - [REQUIRED] - a callback to be fired once the salt has been generated. uses eio making it asynchronous.\n      * `err` - First parameter to the callback detailing any errors.\n      * `salt` - Second parameter to the callback providing the generated salt.\n  * `hashSync(data, salt)`\n    * `data` - [REQUIRED] - the data to be encrypted.\n    * `salt` - [REQUIRED] - the salt to be used in encryption.\n  * `hash(data, salt, cb)`\n    * `data` - [REQUIRED] - the data to be encrypted.\n    * `salt` - [REQUIRED] - the salt to be used to hash the password. if specified as a number then a salt will be generated and used (see examples).\n    * `cb` - [REQUIRED] - a callback to be fired once the data has been encrypted. uses eio making it asynchronous.\n      * `err` - First parameter to the callback detailing any errors.\n      * `encrypted` - Second parameter to the callback providing the encrypted form.\n  * `compareSync(data, encrypted)`\n    * `data` - [REQUIRED] - data to compare.\n    * `encrypted` - [REQUIRED] - data to be compared to.\n  * `compare(data, encrypted, cb)`\n    * `data` - [REQUIRED] - data to compare.\n    * `encrypted` - [REQUIRED] - data to be compared to.\n    * `cb` - [REQUIRED] - a callback to be fired once the data has been compared. uses eio making it asynchronous.\n      * `err` - First parameter to the callback detailing any errors.\n      * `same` - Second parameter to the callback providing whether the data and encrypted forms match [true | false].\n  * `getRounds(encrypted)` - return the number of rounds used to encrypt a given hash\n    * `encrypted` - [REQUIRED] - hash from which the number of rounds used should be extracted.\n\n\n## Hash Info\n\nThe characters that comprise the resultant hash are `./ABCDEFGHIJKLMNOPQRSTUVWXYZabcdefghijklmnopqrstuvwxyz0123456789$`.\n\n## Testing\n\nIf you create a pull request, tests better pass :)\n\n```\nnpm install\nnpm test\n```\n\n## Credits\n\nThe code for this comes from a few sources:\n\n* blowfish.cc - OpenBSD\n* bcrypt.cc - OpenBSD\n* bcrypt::gen_salt - [gen_salt inclusion to bcrypt][bcryptgs]\n* bcrypt_node.cc - me\n\n## Contributors\n\n* [Antonio Salazar Cardozo][shadowfiend] - Early MacOS X support (when we used libbsd)\n* [Ben Glow][pixelglow] - Fixes for thread safety with async calls\n* [Van Nguyen][thegoleffect] - Found a timing attack in the comparator\n* [NewITFarmer][newitfarmer] - Initial Cygwin support\n* [David Trejo][dtrejo] - packaging fixes\n* [Alfred Westerveld][alfredwesterveld] - packaging fixes\n* [Vincent Côté-Roy][vincentr] - Testing around concurrency issues\n* [Lloyd Hilaiel][lloyd] - Documentation fixes\n* [Roman Shtylman][shtylman] - Code refactoring, general rot reduction, compile options, better memory management with delete and new, and an upgrade to libuv over eio/ev.\n* [Vadim Graboys][vadimg] - Code changes to support 0.5.5+\n* [Ben Noordhuis][bnoordhuis] - Fixed a thread safety issue in nodejs that was perfectly mappable to this module.\n* [Nate Rajlich][tootallnate] - Bindings and build process.\n* [Sean McArthur][seanmonstar] - Windows Support\n* [Fanie Oosthuysen][weareu] - Windows Support\n\n## License\nUnless stated elsewhere, file headers or otherwise, the license as stated in the LICENSE file.\n\n[bcryptwiki]: http://en.wikipedia.org/wiki/Bcrypt\n[bcryptgs]: http://mail-index.netbsd.org/tech-crypto/2002/05/24/msg000204.html\n[codahale]: http://codahale.com/how-to-safely-store-a-password/\n[gh13]: https://github.com/ncb000gt/node.bcrypt.js/issues/13\n[jtr]: http://www.openwall.com/lists/oss-security/2011/06/20/2\n\n[shadowfiend]:https://github.com/Shadowfiend\n[thegoleffect]:https://github.com/thegoleffect\n[pixelglow]:https://github.com/pixelglow\n[dtrejo]:https://github.com/dtrejo\n[alfredwesterveld]:https://github.com/alfredwesterveld\n[newitfarmer]:https://github.com/newitfarmer\n[zooko]:https://twitter.com/zooko\n[vincentr]:https://twitter.com/vincentcr\n[lloyd]:https://github.com/lloyd\n[shtylman]:https://github.com/shtylman\n[vadimg]:https://github.com/vadimg\n[bnoordhuis]:https://github.com/bnoordhuis\n[tootallnate]:https://github.com/tootallnate\n[seanmonstar]:https://github.com/seanmonstar\n[weareu]:https://github.com/weareu\n',
37 silly resolved     readmeFilename: 'README.md',
37 silly resolved     homepage: 'https://github.com/ncb000gt/node.bcrypt.js',
37 silly resolved     _id: 'bcrypt@0.7.8',
37 silly resolved     _from: 'bcrypt@' } ]
38 info install bcrypt@0.7.8 into C:\~\github\integrader\server
39 info installOne bcrypt@0.7.8
40 info C:\~\github\integrader\server\node_modules\bcrypt unbuild
41 verbose tar unpack C:\Users\Matthew\AppData\Roaming\npm-cache\bcrypt\0.7.8\package.tgz
42 silly lockFile e58d81a5-rader-server-node-modules-bcrypt tar://C:\~\github\integrader\server\node_modules\bcrypt
43 verbose lock tar://C:\~\github\integrader\server\node_modules\bcrypt C:\Users\Matthew\AppData\Roaming\npm-cache\e58d81a5-rader-server-node-modules-bcrypt.lock
44 silly lockFile bb897bac-m-cache-bcrypt-0-7-8-package-tgz tar://C:\Users\Matthew\AppData\Roaming\npm-cache\bcrypt\0.7.8\package.tgz
45 verbose lock tar://C:\Users\Matthew\AppData\Roaming\npm-cache\bcrypt\0.7.8\package.tgz C:\Users\Matthew\AppData\Roaming\npm-cache\bb897bac-m-cache-bcrypt-0-7-8-package-tgz.lock
46 silly gunzTarPerm modes [ '755', '644' ]
47 silly gunzTarPerm extractEntry package.json
48 silly gunzTarPerm modified mode [ 'package.json', 438, 420 ]
49 silly gunzTarPerm extractEntry .npmignore
50 silly gunzTarPerm modified mode [ '.npmignore', 438, 420 ]
51 silly gunzTarPerm extractEntry README.md
52 silly gunzTarPerm modified mode [ 'README.md', 438, 420 ]
53 silly gunzTarPerm extractEntry LICENSE
54 silly gunzTarPerm modified mode [ 'LICENSE', 438, 420 ]
55 silly gunzTarPerm extractEntry bcrypt.js
56 silly gunzTarPerm modified mode [ 'bcrypt.js', 438, 420 ]
57 silly gunzTarPerm extractEntry Makefile
58 silly gunzTarPerm modified mode [ 'Makefile', 438, 420 ]
59 silly gunzTarPerm extractEntry .travis.yml
60 silly gunzTarPerm modified mode [ '.travis.yml', 438, 420 ]
61 silly gunzTarPerm extractEntry binding.gyp
62 silly gunzTarPerm modified mode [ 'binding.gyp', 438, 420 ]
63 silly gunzTarPerm extractEntry examples/async_compare.js
64 silly gunzTarPerm modified mode [ 'examples/async_compare.js', 438, 420 ]
65 silly gunzTarPerm extractEntry examples/forever_gen_salt.js
66 silly gunzTarPerm modified mode [ 'examples/forever_gen_salt.js', 438, 420 ]
67 silly gunzTarPerm extractEntry CHANGELOG
68 silly gunzTarPerm modified mode [ 'CHANGELOG', 438, 420 ]
69 silly gunzTarPerm extractEntry src/bcrypt.cc
70 silly gunzTarPerm modified mode [ 'src/bcrypt.cc', 438, 420 ]
71 silly gunzTarPerm extractEntry src/bcrypt_node.cc
72 silly gunzTarPerm modified mode [ 'src/bcrypt_node.cc', 438, 420 ]
73 silly gunzTarPerm extractEntry src/blowfish.cc
74 silly gunzTarPerm modified mode [ 'src/blowfish.cc', 438, 420 ]
75 silly gunzTarPerm extractEntry src/node_blf.h
76 silly gunzTarPerm modified mode [ 'src/node_blf.h', 438, 420 ]
77 silly gunzTarPerm extractEntry test/async.js
78 silly gunzTarPerm modified mode [ 'test/async.js', 438, 420 ]
79 silly gunzTarPerm extractEntry test/repetitions.js
80 silly gunzTarPerm modified mode [ 'test/repetitions.js', 438, 420 ]
81 silly gunzTarPerm extractEntry test/sync.js
82 silly gunzTarPerm modified mode [ 'test/sync.js', 438, 420 ]
83 silly lockFile e58d81a5-rader-server-node-modules-bcrypt tar://C:\~\github\integrader\server\node_modules\bcrypt
84 silly lockFile e58d81a5-rader-server-node-modules-bcrypt tar://C:\~\github\integrader\server\node_modules\bcrypt
85 silly lockFile bb897bac-m-cache-bcrypt-0-7-8-package-tgz tar://C:\Users\Matthew\AppData\Roaming\npm-cache\bcrypt\0.7.8\package.tgz
86 silly lockFile bb897bac-m-cache-bcrypt-0-7-8-package-tgz tar://C:\Users\Matthew\AppData\Roaming\npm-cache\bcrypt\0.7.8\package.tgz
87 info preinstall bcrypt@0.7.8
88 verbose readDependencies using package.json deps
89 verbose readDependencies using package.json deps
90 verbose cache add [ 'bindings@1.0.0', null ]
91 verbose cache add name=undefined spec="bindings@1.0.0" args=["bindings@1.0.0",null]
92 verbose parsed url { protocol: null,
92 verbose parsed url   slashes: null,
92 verbose parsed url   auth: null,
92 verbose parsed url   host: null,
92 verbose parsed url   port: null,
92 verbose parsed url   hostname: null,
92 verbose parsed url   hash: null,
92 verbose parsed url   search: null,
92 verbose parsed url   query: null,
92 verbose parsed url   pathname: 'bindings@1.0.0',
92 verbose parsed url   path: 'bindings@1.0.0',
92 verbose parsed url   href: 'bindings@1.0.0' }
93 verbose cache add name="bindings" spec="1.0.0" args=["bindings","1.0.0"]
94 verbose parsed url { protocol: null,
94 verbose parsed url   slashes: null,
94 verbose parsed url   auth: null,
94 verbose parsed url   host: null,
94 verbose parsed url   port: null,
94 verbose parsed url   hostname: null,
94 verbose parsed url   hash: null,
94 verbose parsed url   search: null,
94 verbose parsed url   query: null,
94 verbose parsed url   pathname: '1.0.0',
94 verbose parsed url   path: '1.0.0',
94 verbose parsed url   href: '1.0.0' }
95 verbose addNamed [ 'bindings', '1.0.0' ]
96 verbose addNamed [ '1.0.0', '1.0.0' ]
97 silly lockFile f01e5454-bindings-1-0-0 bindings@1.0.0
98 verbose lock bindings@1.0.0 C:\Users\Matthew\AppData\Roaming\npm-cache\f01e5454-bindings-1-0-0.lock
99 verbose url raw bindings/1.0.0
100 verbose url resolving [ 'https://registry.npmjs.org/', './bindings/1.0.0' ]
101 verbose url resolved https://registry.npmjs.org/bindings/1.0.0
102 info trying registry request attempt 1 at 21:44:35
103 verbose etag "E0IA1FYM49RE7QMJZQ0COSZ85"
104 http GET https://registry.npmjs.org/bindings/1.0.0
105 http 304 https://registry.npmjs.org/bindings/1.0.0
106 silly registry.get cb [ 304,
106 silly registry.get   { date: 'Tue, 29 Apr 2014 01:44:35 GMT',
106 silly registry.get     server: 'Apache',
106 silly registry.get     via: '1.1 varnish',
106 silly registry.get     'last-modified': 'Tue, 29 Apr 2014 01:44:35 GMT',
106 silly registry.get     'cache-control': 'max-age=1',
106 silly registry.get     etag: '"E0IA1FYM49RE7QMJZQ0COSZ85"',
106 silly registry.get     'x-served-by': 'cache-jfk1029-JFK',
106 silly registry.get     'x-cache': 'MISS',
106 silly registry.get     'x-cache-hits': '0',
106 silly registry.get     'x-timer': 'S1398735875.735086918,VS0,VE100',
106 silly registry.get     vary: 'Accept',
106 silly registry.get     'content-length': '0',
106 silly registry.get     'keep-alive': 'timeout=10, max=50',
106 silly registry.get     connection: 'Keep-Alive' } ]
107 verbose etag bindings/1.0.0 from cache
108 silly lockFile f01e5454-bindings-1-0-0 bindings@1.0.0
109 silly lockFile f01e5454-bindings-1-0-0 bindings@1.0.0
110 silly resolved [ { name: 'bindings',
110 silly resolved     description: 'Helper module for loading your native module\'s .node file',
110 silly resolved     keywords: [ 'native', 'addon', 'bindings', 'gyp', 'waf', 'c', 'c++' ],
110 silly resolved     version: '1.0.0',
110 silly resolved     author:
110 silly resolved      { name: 'Nathan Rajlich',
110 silly resolved        email: 'nathan@tootallnate.net',
110 silly resolved        url: 'http://tootallnate.net' },
110 silly resolved     repository:
110 silly resolved      { type: 'git',
110 silly resolved        url: 'git://github.com/TooTallNate/node-bindings.git' },
110 silly resolved     main: './bindings.js',
110 silly resolved     readme: 'node-bindings\n=============\n### Helper module for loading your native module\'s .node file\n\nThis is a helper module for authors of Node.js native addon modules.\nIt is basically the "swiss army knife" of `require()`ing your native module\'s\n`.node` file.\n\nThroughout the course of Node\'s native addon history, addons have ended up being\ncompiled in a variety of different places, depending on which build tool and which\nversion of node was used. To make matters worse, now the _gyp_ build tool can\nproduce either a _Release_ or _Debug_ build, each being built into different\nlocations.\n\nThis module checks _all_ the possible locations that a native addon would be built\nat, and returns the first one that loads successfully.\n\n\nInstallation\n------------\n\nInstall with `npm`:\n\n``` bash\n$ npm install bindings\n```\n\nOr add it to the `"dependencies"` section of your _package.json_ file.\n\n\nExample\n-------\n\n`require()`ing the proper bindings file for the current node version, platform\nand architecture is as simple as:\n\n``` js\nvar bindings = require(\'bindings\')(\'binding.node\')\n\n// Use your bindings defined in your C files\nbindings.your_c_function()\n```\n\n\nNice Error Output\n-----------------\n\nWhen the `.node` file could not be loaded, `node-bindings` throws an Error with\na nice error message telling you exactly what was tried. You can also check the\n`err.tries` Array property.\n\n```\nError: Could not load the bindings file. Tried:\n → /Users/nrajlich/ref/build/binding.node\n → /Users/nrajlich/ref/build/Debug/binding.node\n → /Users/nrajlich/ref/build/Release/binding.node\n → /Users/nrajlich/ref/out/Debug/binding.node\n → /Users/nrajlich/ref/Debug/binding.node\n → /Users/nrajlich/ref/out/Release/binding.node\n → /Users/nrajlich/ref/Release/binding.node\n → /Users/nrajlich/ref/build/default/binding.node\n → /Users/nrajlich/ref/compiled/0.8.2/darwin/x64/binding.node\n    at bindings (/Users/nrajlich/ref/node_modules/bindings/bindings.js:84:13)\n    at Object.<anonymous> (/Users/nrajlich/ref/lib/ref.js:5:47)\n    at Module._compile (module.js:449:26)\n    at Object.Module._extensions..js (module.js:467:10)\n    at Module.load (module.js:356:32)\n    at Function.Module._load (module.js:312:12)\n    ...\n```\n\n\nLicense\n-------\n\n(The MIT License)\n\nCopyright (c) 2012 Nathan Rajlich &lt;nathan@tootallnate.net&gt;\n\nPermission is hereby granted, free of charge, to any person obtaining\na copy of this software and associated documentation files (the\n\'Software\'), to deal in the Software without restriction, including\nwithout limitation the rights to use, copy, modify, merge, publish,\ndistribute, sublicense, and/or sell copies of the Software, and to\npermit persons to whom the Software is furnished to do so, subject to\nthe following conditions:\n\nThe above copyright notice and this permission notice shall be\nincluded in all copies or substantial portions of the Software.\n\nTHE SOFTWARE IS PROVIDED \'AS IS\', WITHOUT WARRANTY OF ANY KIND,\nEXPRESS OR IMPLIED, INCLUDING BUT NOT LIMITED TO THE WARRANTIES OF\nMERCHANTABILITY, FITNESS FOR A PARTICULAR PURPOSE AND NONINFRINGEMENT.\nIN NO EVENT SHALL THE AUTHORS OR COPYRIGHT HOLDERS BE LIABLE FOR ANY\nCLAIM, DAMAGES OR OTHER LIABILITY, WHETHER IN AN ACTION OF CONTRACT,\nTORT OR OTHERWISE, ARISING FROM, OUT OF OR IN CONNECTION WITH THE\nSOFTWARE OR THE USE OR OTHER DEALINGS IN THE SOFTWARE.\n',
110 silly resolved     readmeFilename: 'README.md',
110 silly resolved     bugs: { url: 'https://github.com/TooTallNate/node-bindings/issues' },
110 silly resolved     homepage: 'https://github.com/TooTallNate/node-bindings',
110 silly resolved     _id: 'bindings@1.0.0',
110 silly resolved     _from: 'bindings@1.0.0' } ]
111 info install bindings@1.0.0 into C:\~\github\integrader\server\node_modules\bcrypt
112 info installOne bindings@1.0.0
113 info C:\~\github\integrader\server\node_modules\bcrypt\node_modules\bindings unbuild
114 verbose tar unpack C:\Users\Matthew\AppData\Roaming\npm-cache\bindings\1.0.0\package.tgz
115 silly lockFile b8c56e34-les-bcrypt-node-modules-bindings tar://C:\~\github\integrader\server\node_modules\bcrypt\node_modules\bindings
116 verbose lock tar://C:\~\github\integrader\server\node_modules\bcrypt\node_modules\bindings C:\Users\Matthew\AppData\Roaming\npm-cache\b8c56e34-les-bcrypt-node-modules-bindings.lock
117 silly lockFile 19aba127-cache-bindings-1-0-0-package-tgz tar://C:\Users\Matthew\AppData\Roaming\npm-cache\bindings\1.0.0\package.tgz
118 verbose lock tar://C:\Users\Matthew\AppData\Roaming\npm-cache\bindings\1.0.0\package.tgz C:\Users\Matthew\AppData\Roaming\npm-cache\19aba127-cache-bindings-1-0-0-package-tgz.lock
119 silly gunzTarPerm modes [ '755', '644' ]
120 silly gunzTarPerm extractEntry package.json
121 silly gunzTarPerm modified mode [ 'package.json', 438, 420 ]
122 silly gunzTarPerm extractEntry README.md
123 silly gunzTarPerm modified mode [ 'README.md', 438, 420 ]
124 silly gunzTarPerm extractEntry bindings.js
125 silly gunzTarPerm modified mode [ 'bindings.js', 438, 420 ]
126 silly lockFile b8c56e34-les-bcrypt-node-modules-bindings tar://C:\~\github\integrader\server\node_modules\bcrypt\node_modules\bindings
127 silly lockFile b8c56e34-les-bcrypt-node-modules-bindings tar://C:\~\github\integrader\server\node_modules\bcrypt\node_modules\bindings
128 silly lockFile 19aba127-cache-bindings-1-0-0-package-tgz tar://C:\Users\Matthew\AppData\Roaming\npm-cache\bindings\1.0.0\package.tgz
129 silly lockFile 19aba127-cache-bindings-1-0-0-package-tgz tar://C:\Users\Matthew\AppData\Roaming\npm-cache\bindings\1.0.0\package.tgz
130 info preinstall bindings@1.0.0
131 verbose readDependencies using package.json deps
132 verbose readDependencies using package.json deps
133 silly resolved []
134 verbose about to build C:\~\github\integrader\server\node_modules\bcrypt\node_modules\bindings
135 info build C:\~\github\integrader\server\node_modules\bcrypt\node_modules\bindings
136 verbose linkStuff [ false,
136 verbose linkStuff   false,
136 verbose linkStuff   false,
136 verbose linkStuff   'C:\\~\\github\\integrader\\server\\node_modules\\bcrypt\\node_modules' ]
137 info linkStuff bindings@1.0.0
138 verbose linkBins bindings@1.0.0
139 verbose linkMans bindings@1.0.0
140 verbose rebuildBundles bindings@1.0.0
141 info install bindings@1.0.0
142 info postinstall bindings@1.0.0
143 verbose about to build C:\~\github\integrader\server\node_modules\bcrypt
144 info build C:\~\github\integrader\server\node_modules\bcrypt
145 verbose linkStuff [ false,
145 verbose linkStuff   false,
145 verbose linkStuff   false,
145 verbose linkStuff   'C:\\~\\github\\integrader\\server\\node_modules' ]
146 info linkStuff bcrypt@0.7.8
147 verbose linkBins bcrypt@0.7.8
148 verbose linkMans bcrypt@0.7.8
149 verbose rebuildBundles bcrypt@0.7.8
150 verbose rebuildBundles [ 'bindings' ]
151 info install bcrypt@0.7.8
152 verbose unsafe-perm in lifecycle true
153 info bcrypt@0.7.8 Failed to exec install script
154 info C:\~\github\integrader\server\node_modules\bcrypt unbuild
155 info preuninstall bcrypt@0.7.8
156 info uninstall bcrypt@0.7.8
157 verbose true,C:\~\github\integrader\server\node_modules,C:\~\github\integrader\server\node_modules unbuild bcrypt@0.7.8
158 info postuninstall bcrypt@0.7.8
159 error bcrypt@0.7.8 install: `node-gyp rebuild`
159 error Exit status 1
160 error Failed at the bcrypt@0.7.8 install script.
160 error This is most likely a problem with the bcrypt package,
160 error not with npm itself.
160 error Tell the author that this fails on your system:
160 error     node-gyp rebuild
160 error You can get their info via:
160 error     npm owner ls bcrypt
160 error There is likely additional logging output above.
161 error System Windows_NT 6.1.7601
162 error command "C:\\Program Files (x86)\\nodejs\\\\node.exe" "C:\\Program Files (x86)\\nodejs\\node_modules\\npm\\bin\\npm-cli.js" "install" "bcrypt"
163 error cwd C:\~\github\integrader\server
164 error node -v v0.10.26
165 error npm -v 1.4.3
166 error code ELIFECYCLE
167 verbose exit [ 1, true ]
